<?xml version="1.0" encoding="UTF-8"?>
<!-- Generated by org.testng.reporters.JUnitXMLReporter -->
<testsuite hostname="DELL" ignored="0" name="Test" tests="3" failures="0" timestamp="27 Sep 2020 16:02:18 GMT" time="88.673" errors="0">
  <testcase name="facebook" time="35.52" classname="com.qa.testscripts.Facebook"/>
  <testcase name="google" time="17.678" classname="com.qa.testscripts.Google"/>
  <testcase name="youtube" time="35.371" classname="com.qa.testscripts.Youtube"/>
</testsuite> <!-- Test -->
